<?xml version="1.0" encoding="UTF-8"?>
<!-- Generated by org.testng.reporters.JUnitXMLReporter -->
<testsuite ignored="6" hostname="LAPTOP-EAVQC8UF" failures="0" tests="1" name="Default test" time="26.182" errors="0" timestamp="2026-07-25T18:40:58 IST">
  <testcase classname="tests.HomePageTest" name="verify_home_StartOrder_navigation_StartOrder_page" time="8.695"/>
  <testcase classname="tests.HomePageTest" name="verify_home_signIn_navigation_signin_page" time="0.0">
    <ignored/>
  </testcase> <!-- verify_home_signIn_navigation_signin_page -->
  <testcase classname="tests.HomePageTest" name="verifyHomePageTitle" time="0.0">
    <ignored/>
  </testcase> <!-- verifyHomePageTitle -->
  <testcase classname="tests.HomePageTest" name="verify_Logo_IsDisplayed_AndLinksToHome" time="0.0">
    <ignored/>
  </testcase> <!-- verify_Logo_IsDisplayed_AndLinksToHome -->
  <testcase classname="tests.HomePageTest" name="storeFinderpageTitle" time="0.0">
    <ignored/>
  </testcase> <!-- storeFinderpageTitle -->
  <testcase classname="tests.HomePageTest" name="verifyMenuNavigation" time="0.0">
    <ignored/>
  </testcase> <!-- verifyMenuNavigation -->
  <testcase classname="tests.HomePageTest" name="verify_home_JoinNow_navigation_JoinNow_page" time="0.0">
    <ignored/>
  </testcase> <!-- verify_home_JoinNow_navigation_JoinNow_page -->
</testsuite> <!-- Default test -->
