<?xml version="1.0" encoding="UTF-8"?>
<!-- Generated by org.testng.reporters.JUnitXMLReporter -->
<testsuite ignored="1" hostname="LAPTOP-EAVQC8UF" failures="0" tests="2" name="Default test" time="60.007" errors="0" timestamp="2026-08-05T07:30:32 IST">
  <testcase classname="tests.SignInTest" name="verify_InvalidEmailFormats_ShowValidationError" time="0.931"/>
  <testcase classname="tests.SignInTest" name="verify_InvalidEmailFormats_ShowValidationError" time="1.008"/>
  <testcase classname="tests.SignInTest" name="verify_SignInPage_Loadwith_EmailPasswordFields" time="0.0">
    <ignored/>
  </testcase> <!-- verify_SignInPage_Loadwith_EmailPasswordFields -->
</testsuite> <!-- Default test -->
