<?xml version="1.0" encoding="UTF-8"?>
<!-- Generated by org.testng.reporters.JUnitReportReporter -->
<testsuite hostname="LAPTOP-EAVQC8UF" failures="0" tests="3" name="tests.HomePageTest" time="165.056" errors="0" timestamp="2026-07-22T23:13:56 IST" skipped="0">
  <testcase classname="tests.HomePageTest" name="verifyHomePageTitle" time="45.553"/>
  <testcase classname="tests.HomePageTest" name="verifyMenuNavigation" time="70.582"/>
  <testcase classname="tests.HomePageTest" name="verify_Logo_IsDisplayed_AndLinksToHome" time="48.921"/>
</testsuite> <!-- tests.HomePageTest -->
