<?xml version="1.0" encoding="UTF-8"?>
<!-- Generated by org.testng.reporters.JUnitReportReporter -->
<testsuite hostname="LAPTOP-EAVQC8UF" failures="0" tests="15" name="tests.JoinNowTest" time="381.955" errors="0" timestamp="2026-08-09T16:23:28 IST" skipped="0">
  <testcase classname="tests.JoinNowTest" name="verify_JoinNow_InvalidEmail_ShowsValidationError" time="23.561"/>
  <testcase classname="tests.JoinNowTest" name="verify_JoinNow_InvalidEmail_ShowsValidationError" time="26.783"/>
  <testcase classname="tests.JoinNowTest" name="verify_JoinNow_InvalidEmail_ShowsValidationError" time="27.132"/>
  <testcase classname="tests.JoinNowTest" name="verify_JoinNow_InvalidEmail_ShowsValidationError" time="30.003"/>
  <testcase classname="tests.JoinNowTest" name="verify_JoinNow_InvalidEmail_ShowsValidationError" time="28.376"/>
  <testcase classname="tests.JoinNowTest" name="verify_JoinNowForm_LoadsRequiredFields" time="24.440"/>
  <testcase classname="tests.JoinNowTest" name="verify_JoinNow_InvalidEmail_ShowsValidationError" time="24.691"/>
  <testcase classname="tests.JoinNowTest" name="verify_JoinNow_InvalidEmail_ShowsValidationError" time="25.516"/>
  <testcase classname="tests.JoinNowTest" name="verify_JoinNow_InvalidEmail_ShowsValidationError" time="24.606"/>
  <testcase classname="tests.JoinNowTest" name="verify_JoinNow_InvalidEmail_ShowsValidationError" time="25.204"/>
  <testcase classname="tests.JoinNowTest" name="verify_JoinNow_PasswordStrengthValidation" time="24.084"/>
  <testcase classname="tests.JoinNowTest" name="verify_JoinNow_PasswordStrengthValidation" time="22.809"/>
  <testcase classname="tests.JoinNowTest" name="verify_JoinNow_PasswordStrengthValidation" time="25.591"/>
  <testcase classname="tests.JoinNowTest" name="verify_JoinNow_PasswordStrengthValidation" time="23.165"/>
  <testcase classname="tests.JoinNowTest" name="verify_JoinNow_PasswordStrengthValidation" time="25.994"/>
</testsuite> <!-- tests.JoinNowTest -->
