<?xml version="1.0" encoding="UTF-8"?>
<!-- Generated by org.testng.reporters.JUnitReportReporter -->
<testsuite hostname="LAPTOP-EAVQC8UF" failures="0" tests="8" name="tests.HomePageTest" time="176.450" errors="0" timestamp="2026-08-09T16:23:28 IST" skipped="0">
  <testcase classname="tests.HomePageTest" name="verifyHomePageTitle" time="16.008"/>
  <testcase classname="tests.HomePageTest" name="verifyMenuNavigation" time="25.364"/>
  <testcase classname="tests.HomePageTest" name="verify_Logo_IsDisplayed_AndLinksToHome" time="18.023"/>
  <testcase classname="tests.HomePageTest" name="storeFinderpageTitle" time="28.003"/>
  <testcase classname="tests.HomePageTest" name="verify_home_signIn_navigation_signin_page" time="22.489"/>
  <testcase classname="tests.HomePageTest" name="verify_home_JoinNow_navigation_JoinNow_page" time="23.093"/>
  <testcase classname="tests.HomePageTest" name="verify_home_StartOrder_navigation_StartOrder_page" time="24.186"/>
  <testcase classname="tests.HomePageTest" name="verify_FooterSections_ArePresent" time="19.284"/>
</testsuite> <!-- tests.HomePageTest -->
