<?xml version="1.0" encoding="UTF-8"?>
<!-- Generated by org.testng.reporters.JUnitReportReporter -->
<testsuite hostname="LAPTOP-EAVQC8UF" failures="0" tests="9" name="tests.JoinNowTest" time="260.076" errors="0" timestamp="2026-08-09T14:24:01 IST" skipped="0">
  <testcase classname="tests.JoinNowTest" name="verify_JoinNow_InvalidEmail_ShowsValidationError" time="24.587"/>
  <testcase classname="tests.JoinNowTest" name="verify_JoinNow_InvalidEmail_ShowsValidationError" time="34.964"/>
  <testcase classname="tests.JoinNowTest" name="verify_JoinNow_InvalidEmail_ShowsValidationError" time="26.570"/>
  <testcase classname="tests.JoinNowTest" name="verify_JoinNow_InvalidEmail_ShowsValidationError" time="24.258"/>
  <testcase classname="tests.JoinNowTest" name="verify_JoinNow_InvalidEmail_ShowsValidationError" time="33.345"/>
  <testcase classname="tests.JoinNowTest" name="verify_JoinNow_InvalidEmail_ShowsValidationError" time="28.705"/>
  <testcase classname="tests.JoinNowTest" name="verify_JoinNow_InvalidEmail_ShowsValidationError" time="35.345"/>
  <testcase classname="tests.JoinNowTest" name="verify_JoinNow_InvalidEmail_ShowsValidationError" time="26.899"/>
  <testcase classname="tests.JoinNowTest" name="verify_JoinNow_InvalidEmail_ShowsValidationError" time="25.403"/>
</testsuite> <!-- tests.JoinNowTest -->
