<?xml version="1.0" encoding="UTF-8"?>
<!-- Generated by org.testng.reporters.JUnitReportReporter -->
<testsuite hostname="LAPTOP-EAVQC8UF" failures="0" tests="5" name="tests.SignInTest" time="119.937" errors="0" timestamp="2026-08-09T16:23:28 IST" skipped="0">
  <testcase classname="tests.SignInTest" name="verify_SignInPage_Loadwith_EmailPasswordFields" time="24.239"/>
  <testcase classname="tests.SignInTest" name="verify_InvalidEmailFormats_ShowValidationError" time="25.311"/>
  <testcase classname="tests.SignInTest" name="verify_InvalidEmailFormats_ShowValidationError" time="23.272"/>
  <testcase classname="tests.SignInTest" name="verify_InvalidPasswordFormats_ShowValidationError" time="24.136"/>
  <testcase classname="tests.SignInTest" name="verify_InvalidPasswordFormats_ShowValidationError" time="22.979"/>
</testsuite> <!-- tests.SignInTest -->
