<?xml version="1.0" encoding="UTF-8"?>
<!-- Generated by org.testng.reporters.JUnitReportReporter -->
<testsuite hostname="LAPTOP-EAVQC8UF" failures="0" tests="2" name="tests.SignInTest" time="47.285" errors="0" timestamp="2026-08-08T10:35:27 IST" skipped="0">
  <testcase classname="tests.SignInTest" name="verify_InvalidPasswordFormats_ShowValidationError" time="24.643"/>
  <testcase classname="tests.SignInTest" name="verify_InvalidPasswordFormats_ShowValidationError" time="22.642"/>
</testsuite> <!-- tests.SignInTest -->
