<?xml version="1.0" encoding="UTF-8"?>
<!-- Generated by org.testng.reporters.JUnitXMLReporter -->
<testsuite ignored="0" hostname="LAPTOP-EAVQC8UF" failures="0" tests="8" name="Homepage Tests" time="176.552" errors="0" timestamp="2026-08-09T16:15:04 IST">
  <testcase classname="tests.HomePageTest" name="verifyHomePageTitle" time="0.036"/>
  <testcase classname="tests.HomePageTest" name="verifyMenuNavigation" time="8.655"/>
  <testcase classname="tests.HomePageTest" name="verify_Logo_IsDisplayed_AndLinksToHome" time="0.07"/>
  <testcase classname="tests.HomePageTest" name="storeFinderpageTitle" time="10.944"/>
  <testcase classname="tests.HomePageTest" name="verify_home_signIn_navigation_signin_page" time="8.322"/>
  <testcase classname="tests.HomePageTest" name="verify_home_JoinNow_navigation_JoinNow_page" time="7.907"/>
  <testcase classname="tests.HomePageTest" name="verify_home_StartOrder_navigation_StartOrder_page" time="7.501"/>
  <testcase classname="tests.HomePageTest" name="verify_FooterSections_ArePresent" time="0.221"/>
</testsuite> <!-- Homepage Tests -->
