<?xml version="1.0" encoding="UTF-8"?>
<!-- Generated by org.testng.reporters.JUnitXMLReporter -->
<testsuite ignored="0" hostname="LAPTOP-EAVQC8UF" failures="0" tests="8" name="Homepage Tests" time="157.729" errors="0" timestamp="2026-08-01T18:07:40 IST">
  <testcase classname="tests.HomePageTest" name="verifyHomePageTitle" time="0.026"/>
  <testcase classname="tests.HomePageTest" name="verifyMenuNavigation" time="9.345"/>
  <testcase classname="tests.HomePageTest" name="verify_Logo_IsDisplayed_AndLinksToHome" time="0.04"/>
  <testcase classname="tests.HomePageTest" name="storeFinderpageTitle" time="6.444"/>
  <testcase classname="tests.HomePageTest" name="verify_home_signIn_navigation_signin_page" time="7.073"/>
  <testcase classname="tests.HomePageTest" name="verify_home_JoinNow_navigation_JoinNow_page" time="8.425"/>
  <testcase classname="tests.HomePageTest" name="verify_home_StartOrder_navigation_StartOrder_page" time="7.768"/>
  <testcase classname="tests.HomePageTest" name="verify_FooterSections_ArePresent" time="0.083"/>
</testsuite> <!-- Homepage Tests -->
