<?xml version="1.0" encoding="UTF-8"?>
<!-- Generated by org.testng.reporters.JUnitXMLReporter -->
<testsuite ignored="0" hostname="LAPTOP-EAVQC8UF" failures="0" tests="15" name="JoinNow Tests" time="382.913" errors="0" timestamp="2026-08-09T16:21:27 IST">
  <testcase classname="tests.JoinNowTest" name="verify_JoinNowForm_LoadsRequiredFields" time="0.41"/>
  <testcase classname="tests.JoinNowTest" name="verify_JoinNow_InvalidEmail_ShowsValidationError" time="1.707"/>
  <testcase classname="tests.JoinNowTest" name="verify_JoinNow_InvalidEmail_ShowsValidationError" time="0.921"/>
  <testcase classname="tests.JoinNowTest" name="verify_JoinNow_InvalidEmail_ShowsValidationError" time="1.822"/>
  <testcase classname="tests.JoinNowTest" name="verify_JoinNow_InvalidEmail_ShowsValidationError" time="1.108"/>
  <testcase classname="tests.JoinNowTest" name="verify_JoinNow_InvalidEmail_ShowsValidationError" time="0.978"/>
  <testcase classname="tests.JoinNowTest" name="verify_JoinNow_InvalidEmail_ShowsValidationError" time="2.112"/>
  <testcase classname="tests.JoinNowTest" name="verify_JoinNow_InvalidEmail_ShowsValidationError" time="1.039"/>
  <testcase classname="tests.JoinNowTest" name="verify_JoinNow_InvalidEmail_ShowsValidationError" time="2.443"/>
  <testcase classname="tests.JoinNowTest" name="verify_JoinNow_InvalidEmail_ShowsValidationError" time="0.986"/>
  <testcase classname="tests.JoinNowTest" name="verify_JoinNow_PasswordStrengthValidation" time="1.893"/>
  <testcase classname="tests.JoinNowTest" name="verify_JoinNow_PasswordStrengthValidation" time="0.957"/>
  <testcase classname="tests.JoinNowTest" name="verify_JoinNow_PasswordStrengthValidation" time="0.978"/>
  <testcase classname="tests.JoinNowTest" name="verify_JoinNow_PasswordStrengthValidation" time="1.047"/>
  <testcase classname="tests.JoinNowTest" name="verify_JoinNow_PasswordStrengthValidation" time="1.696"/>
</testsuite> <!-- JoinNow Tests -->
