<?xml version="1.0" encoding="UTF-8"?>
<!-- Generated by org.testng.reporters.JUnitXMLReporter -->
<testsuite ignored="0" hostname="LAPTOP-EAVQC8UF" failures="0" tests="5" name="SignIn Tests" time="119.978" errors="0" timestamp="2026-08-09T16:23:27 IST">
  <testcase classname="tests.SignInTest" name="verify_SignInPage_Loadwith_EmailPasswordFields" time="0.157"/>
  <testcase classname="tests.SignInTest" name="verify_InvalidEmailFormats_ShowValidationError" time="1.664"/>
  <testcase classname="tests.SignInTest" name="verify_InvalidEmailFormats_ShowValidationError" time="0.867"/>
  <testcase classname="tests.SignInTest" name="verify_InvalidPasswordFormats_ShowValidationError" time="1.462"/>
  <testcase classname="tests.SignInTest" name="verify_InvalidPasswordFormats_ShowValidationError" time="1.693"/>
</testsuite> <!-- SignIn Tests -->
